This file contains any messages produced by compilers while
running configure, to aid debugging if configure makes a mistake.

It was created by configure, which was
generated by GNU Autoconf 2.57.  Invocation command line was

  $ ./configure 

## --------- ##
## Platform. ##
## --------- ##

hostname = cicoria-msi
uname -m = x86_64
uname -r = 4.4.0-18362-Microsoft
uname -s = Linux
uname -v = #476-Microsoft Fri Nov 01 16:53:00 PST 2019

/usr/bin/uname -p = unknown
/bin/uname -X     = unknown

/bin/arch              = unknown
/usr/bin/arch -k       = unknown
/usr/convex/getsysinfo = unknown
hostinfo               = unknown
/bin/machine           = unknown
/usr/bin/oslevel       = unknown
/bin/universe          = unknown

PATH: /home/cicorias/.poetry/bin
PATH: /home/cicorias/.cargo/bin
PATH: /home/cicorias/bin
PATH: /home/cicorias/.sdkman/candidates/maven/current/bin
PATH: /home/cicorias/.sdkman/candidates/java/current/bin
PATH: /home/cicorias/.sdkman/candidates/gradle/current/bin
PATH: /home/cicorias/bin
PATH: /home/cicorias/.pyenv/plugins/pyenv-virtualenv/shims
PATH: /home/cicorias/.pyenv/shims
PATH: /home/cicorias/.pyenv/bin
PATH: /home/cicorias/.rbenv/plugins/ruby-build/bin
PATH: /home/cicorias/.rbenv/shims
PATH: /home/cicorias/.rbenv/bin
PATH: /home/cicorias/.rbenv/plugins/ruby-build/bin
PATH: /home/cicorias/.rbenv/shims
PATH: /home/cicorias/.rbenv/bin
PATH: /home/cicorias/.nvm/versions/node/v13.2.0/bin
PATH: /home/cicorias/go//bin
PATH: /usr/local/go/bin
PATH: /usr/local/go/bin
PATH: /usr/local/sbin
PATH: /usr/local/bin
PATH: /usr/sbin
PATH: /usr/bin
PATH: /sbin
PATH: /bin
PATH: /usr/games
PATH: /usr/local/games
PATH: /c/Program Files/NVIDIA GPU Computing Toolkit/CUDA/v10.1/bin
PATH: /c/Program Files/NVIDIA GPU Computing Toolkit/CUDA/v10.1/libnvvp
PATH: /c/Rtools/bin
PATH: /c/Program Files/AdoptOpenJDK/jdk-11.0.5.10-hotspot/bin
PATH: /c/Program Files (x86)/Microsoft SDKs/Azure/CLI2/wbin
PATH: /c/Program Files/Microsoft MPI/Bin/
PATH: /c/Windows/system32
PATH: /c/Windows
PATH: /c/Windows/System32/Wbem
PATH: /c/Windows/System32/WindowsPowerShell/v1.0/
PATH: /c/Windows/System32/OpenSSH/
PATH: /c/Program Files/dotnet/
PATH: /c/Program Files/Microsoft SQL Server/130/Tools/Binn/
PATH: /c/Program Files/NVIDIA Corporation/NVIDIA NvDLISR
PATH: /c/Program Files (x86)/NVIDIA Corporation/PhysX/Common
PATH: /c/Program Files (x86)/sbt/bin
PATH: /c/WINDOWS/system32
PATH: /c/WINDOWS
PATH: /c/WINDOWS/System32/Wbem
PATH: /c/WINDOWS/System32/WindowsPowerShell/v1.0/
PATH: /c/WINDOWS/System32/OpenSSH/
PATH: /c/Program Files/Microsoft SQL Server/Client SDK/ODBC/170/Tools/Binn/
PATH: /c/Program Files/Intel/WiFi/bin/
PATH: /c/Program Files/Common Files/Intel/WirelessCommon/
PATH: /c/Go/bin
PATH: /c/Users/cicor/AppData/Roaming/nvm
PATH: /c/Program Files/nodejs
PATH: /c/Program Files/PowerShell/7/
PATH: /c/Program Files/NVIDIA Corporation/Nsight Compute 2019.1/
PATH: /c/Program Files/Docker/Docker/resources/bin
PATH: /c/ProgramData/DockerDesktop/version-bin
PATH: /c/Program Files/Git/cmd
PATH: /c/Users/cicor/.poetry/bin
PATH: /c/Users/cicor/.rbenv-win/bin
PATH: /c/Users/cicor/.rbenv-win/shims
PATH: /c/Users/cicor/scoop/shims
PATH: /c/Users/cicor/.cargo/bin
PATH: /c/Users/cicor/AppData/Local/Microsoft/WindowsApps
PATH: /c/Users/cicor/AppData/Local/Programs/Microsoft VS Code/bin
PATH: /c/g/gopath/bin
PATH: /c/Program Files/Java/jdk1.8.0_192/bin
PATH: /c/g/bin
PATH: /c/Users/cicor/.dotnet/tools
PATH: /c/Users/cicor/AppData/Local/GitHubDesktop/bin
PATH: /c/Users/cicor/AppData/Local/Programs/Microsoft VS Code Insiders/bin
PATH: /c/g/bin/gradle-6.0.1/bin
PATH: /c/g/bin/apache-maven-3.6.2/bin
PATH: /c/Users/cicor/go/bin
PATH: /c/Users/cicor/AppData/Roaming/Python/Python37/Script
PATH: /c/Program Files (x86)/Microsoft Visual Studio/Shared/Python37_64
PATH: /c/Users/cicor/AppData/Local/Markdown Monster
PATH: /home/cicorias/.dotnet/tools
PATH: /home/cicorias/.cargo/bin


## ----------- ##
## Core tests. ##
## ----------- ##

configure:1476: checking for a BSD-compatible install
configure:1530: result: /usr/bin/install -c
configure:1541: checking whether build environment is sane
configure:1584: result: yes
configure:1617: checking for gawk
configure:1646: result: no
configure:1617: checking for mawk
configure:1633: found /usr/bin/mawk
configure:1643: result: mawk
configure:1653: checking whether make sets $(MAKE)
configure:1673: result: yes
configure:1846: checking for perl
configure:1864: found /usr/bin/perl
configure:1876: result: /usr/bin/perl
configure:1930: checking for gcc
configure:1946: found /usr/bin/gcc
configure:1956: result: gcc
configure:2200: checking for C compiler version
configure:2203: gcc --version </dev/null >&5
gcc (Debian 9.2.1-30) 9.2.1 20200224
Copyright (C) 2019 Free Software Foundation, Inc.
This is free software; see the source for copying conditions.  There is NO
warranty; not even for MERCHANTABILITY or FITNESS FOR A PARTICULAR PURPOSE.

configure:2206: $? = 0
configure:2208: gcc -v </dev/null >&5
Using built-in specs.
COLLECT_GCC=gcc
COLLECT_LTO_WRAPPER=/usr/lib/gcc/x86_64-linux-gnu/9/lto-wrapper
OFFLOAD_TARGET_NAMES=nvptx-none:hsa
OFFLOAD_TARGET_DEFAULT=1
Target: x86_64-linux-gnu
Configured with: ../src/configure -v --with-pkgversion='Debian 9.2.1-30' --with-bugurl=file:///usr/share/doc/gcc-9/README.Bugs --enable-languages=c,ada,c++,go,brig,d,fortran,objc,obj-c++,gm2 --prefix=/usr --with-gcc-major-version-only --program-suffix=-9 --program-prefix=x86_64-linux-gnu- --enable-shared --enable-linker-build-id --libexecdir=/usr/lib --without-included-gettext --enable-threads=posix --libdir=/usr/lib --enable-nls --enable-bootstrap --enable-clocale=gnu --enable-libstdcxx-debug --enable-libstdcxx-time=yes --with-default-libstdcxx-abi=new --enable-gnu-unique-object --disable-vtable-verify --enable-plugin --enable-default-pie --with-system-zlib --with-target-system-zlib=auto --enable-objc-gc=auto --enable-multiarch --disable-werror --with-arch-32=i686 --with-abi=m64 --with-multilib-list=m32,m64,mx32 --enable-multilib --with-tune=generic --enable-offload-targets=nvptx-none,hsa --without-cuda-driver --enable-checking=release --build=x86_64-linux-gnu --host=x86_64-linux-gnu --target=x86_64-linux-gnu --with-build-config=bootstrap-lto-lean --enable-link-mutex
Thread model: posix
gcc version 9.2.1 20200224 (Debian 9.2.1-30) 
configure:2211: $? = 0
configure:2213: gcc -V </dev/null >&5
gcc: error: unrecognized command line option '-V'
gcc: fatal error: no input files
compilation terminated.
configure:2216: $? = 1
configure:2240: checking for C compiler default output
configure:2243: gcc -Wno-unused-but-set-parameter -Wno-unused-but-set-variable -Wno-absolute-value   conftest.c  >&5
configure:2246: $? = 0
configure:2292: result: a.out
configure:2297: checking whether the C compiler works
configure:2303: ./a.out
configure:2306: $? = 0
configure:2323: result: yes
configure:2330: checking whether we are cross compiling
configure:2332: result: no
configure:2335: checking for suffix of executables
configure:2337: gcc -o conftest -Wno-unused-but-set-parameter -Wno-unused-but-set-variable -Wno-absolute-value   conftest.c  >&5
configure:2340: $? = 0
configure:2365: result: 
configure:2371: checking for suffix of object files
configure:2393: gcc -c -Wno-unused-but-set-parameter -Wno-unused-but-set-variable -Wno-absolute-value  conftest.c >&5
configure:2396: $? = 0
configure:2418: result: o
configure:2422: checking whether we are using the GNU C compiler
configure:2447: gcc -c -Wno-unused-but-set-parameter -Wno-unused-but-set-variable -Wno-absolute-value  conftest.c >&5
configure:2450: $? = 0
configure:2453: test -s conftest.o
configure:2456: $? = 0
configure:2469: result: yes
configure:2475: checking whether gcc accepts -g
configure:2497: gcc -c -g  conftest.c >&5
configure:2500: $? = 0
configure:2503: test -s conftest.o
configure:2506: $? = 0
configure:2517: result: yes
configure:2534: checking for gcc option to accept ANSI C
configure:2595: gcc  -c -Wno-unused-but-set-parameter -Wno-unused-but-set-variable -Wno-absolute-value  conftest.c >&5
configure:2598: $? = 0
configure:2601: test -s conftest.o
configure:2604: $? = 0
configure:2622: result: none needed
configure:2640: gcc -c -Wno-unused-but-set-parameter -Wno-unused-but-set-variable -Wno-absolute-value  conftest.c >&5
conftest.c:2:3: error: unknown type name 'choke'
    2 |   choke me
      |   ^~~~~
conftest.c:2:3: error: expected '=', ',', ';', 'asm' or '__attribute__' at end of input
configure:2643: $? = 1
configure: failed program was:
| #ifndef __cplusplus
|   choke me
| #endif
configure:2771: checking for style of include used by make
configure:2799: result: GNU
configure:2827: checking dependency style of gcc
configure:2889: result: gcc3
configure:2966: checking build system type
configure:2984: result: x86_64-unknown-linux-gnu
configure:2992: checking host system type
configure:3006: result: x86_64-unknown-linux-gnu
configure:3036: checking for ld used by GCC
configure:3099: result: /usr/bin/ld
configure:3108: checking if the linker (/usr/bin/ld) is GNU ld
GNU ld (GNU Binutils for Debian) 2.34
configure:3120: result: yes
configure:3125: checking for /usr/bin/ld option to reload object files
configure:3132: result: -r
configure:3137: checking for BSD-compatible nm
configure:3173: result: /usr/bin/nm -B
configure:3176: checking for a sed that does not truncate output
configure:3258: result: /bin/sed
configure:3261: checking whether ln -s works
configure:3265: result: yes
configure:3272: checking how to recognise dependent libraries
configure:3453: result: pass_all
configure:3466: checking command to parse /usr/bin/nm -B output
configure:3550: gcc -c -Wno-unused-but-set-parameter -Wno-unused-but-set-variable -Wno-absolute-value  conftest.c >&5
configure:3553: $? = 0
configure:3557: /usr/bin/nm -B conftest.o \| sed -n -e 's/^.*[ 	]\([ABCDGISTW][ABCDGISTW]*\)[ 	][ 	]*\(\)\([_A-Za-z][_A-Za-z0-9]*\)$/\1 \2\3 \3/p' \> conftest.nm
configure:3560: $? = 0
configure:3612: gcc -o conftest -Wno-unused-but-set-parameter -Wno-unused-but-set-variable -Wno-absolute-value   conftest.c conftstm.o >&5
configure:3615: $? = 0
configure:3659: result: ok
configure:3668: checking how to run the C preprocessor
configure:3704: gcc -E  conftest.c
configure:3710: $? = 0
configure:3742: gcc -E  conftest.c
configure:3743:10: fatal error: ac_nonexistent.h: No such file or directory
 3743 | _ACEOF
      |          ^                 
compilation terminated.
configure:3748: $? = 1
configure: failed program was:
| #line 3733 "configure"
| /* confdefs.h.  */
| 
| #define PACKAGE_NAME ""
| #define PACKAGE_TARNAME ""
| #define PACKAGE_VERSION ""
| #define PACKAGE_STRING ""
| #define PACKAGE_BUGREPORT ""
| #define PACKAGE "gist"
| #define VERSION "2.3"
| /* end confdefs.h.  */
| #include <ac_nonexistent.h>
configure:3786: result: gcc -E
configure:3811: gcc -E  conftest.c
configure:3817: $? = 0
configure:3849: gcc -E  conftest.c
configure:3850:10: fatal error: ac_nonexistent.h: No such file or directory
 3850 | _ACEOF
      |          ^                 
compilation terminated.
configure:3855: $? = 1
configure: failed program was:
| #line 3840 "configure"
| /* confdefs.h.  */
| 
| #define PACKAGE_NAME ""
| #define PACKAGE_TARNAME ""
| #define PACKAGE_VERSION ""
| #define PACKAGE_STRING ""
| #define PACKAGE_BUGREPORT ""
| #define PACKAGE "gist"
| #define VERSION "2.3"
| /* end confdefs.h.  */
| #include <ac_nonexistent.h>
configure:3898: checking for egrep
configure:3908: result: grep -E
configure:3913: checking for ANSI C header files
configure:3939: gcc -c -Wno-unused-but-set-parameter -Wno-unused-but-set-variable -Wno-absolute-value  conftest.c >&5
configure:3942: $? = 0
configure:3945: test -s conftest.o
configure:3948: $? = 0
configure:4040: gcc -o conftest -Wno-unused-but-set-parameter -Wno-unused-but-set-variable -Wno-absolute-value   conftest.c  >&5
configure: In function 'main':
configure:4035:7: warning: implicit declaration of function 'exit' [-Wimplicit-function-declaration]
 4035 |     if (XOR (islower (i), ISLOWER (i))
      |       ^~~~
configure:4035:7: warning: incompatible implicit declaration of built-in function 'exit'
configure:4019:1: note: include '<stdlib.h>' or provide a declaration of 'exit'
 4018 | #if ((' ' & 0x0FF) == 0x020)
  +++ |+#include <stdlib.h>
 4019 | # define ISLOWER(c) ('a' <= (c) && (c) <= 'z')
configure:4036:3: warning: incompatible implicit declaration of built-in function 'exit'
 4036 |         || toupper (i) != TOUPPER (i))
      |   ^   
configure:4036:3: note: include '<stdlib.h>' or provide a declaration of 'exit'
configure:4043: $? = 0
configure:4045: ./conftest
configure:4048: $? = 0
configure:4063: result: yes
configure:4087: checking for sys/types.h
configure:4104: gcc -c -Wno-unused-but-set-parameter -Wno-unused-but-set-variable -Wno-absolute-value  conftest.c >&5
configure:4107: $? = 0
configure:4110: test -s conftest.o
configure:4113: $? = 0
configure:4124: result: yes
configure:4087: checking for sys/stat.h
configure:4104: gcc -c -Wno-unused-but-set-parameter -Wno-unused-but-set-variable -Wno-absolute-value  conftest.c >&5
configure:4107: $? = 0
configure:4110: test -s conftest.o
configure:4113: $? = 0
configure:4124: result: yes
configure:4087: checking for stdlib.h
configure:4104: gcc -c -Wno-unused-but-set-parameter -Wno-unused-but-set-variable -Wno-absolute-value  conftest.c >&5
configure:4107: $? = 0
configure:4110: test -s conftest.o
configure:4113: $? = 0
configure:4124: result: yes
configure:4087: checking for string.h
configure:4104: gcc -c -Wno-unused-but-set-parameter -Wno-unused-but-set-variable -Wno-absolute-value  conftest.c >&5
configure:4107: $? = 0
configure:4110: test -s conftest.o
configure:4113: $? = 0
configure:4124: result: yes
configure:4087: checking for memory.h
configure:4104: gcc -c -Wno-unused-but-set-parameter -Wno-unused-but-set-variable -Wno-absolute-value  conftest.c >&5
configure:4107: $? = 0
configure:4110: test -s conftest.o
configure:4113: $? = 0
configure:4124: result: yes
configure:4087: checking for strings.h
configure:4104: gcc -c -Wno-unused-but-set-parameter -Wno-unused-but-set-variable -Wno-absolute-value  conftest.c >&5
configure:4107: $? = 0
configure:4110: test -s conftest.o
configure:4113: $? = 0
configure:4124: result: yes
configure:4087: checking for inttypes.h
configure:4104: gcc -c -Wno-unused-but-set-parameter -Wno-unused-but-set-variable -Wno-absolute-value  conftest.c >&5
configure:4107: $? = 0
configure:4110: test -s conftest.o
configure:4113: $? = 0
configure:4124: result: yes
configure:4087: checking for stdint.h
configure:4104: gcc -c -Wno-unused-but-set-parameter -Wno-unused-but-set-variable -Wno-absolute-value  conftest.c >&5
configure:4107: $? = 0
configure:4110: test -s conftest.o
configure:4113: $? = 0
configure:4124: result: yes
configure:4087: checking for unistd.h
configure:4104: gcc -c -Wno-unused-but-set-parameter -Wno-unused-but-set-variable -Wno-absolute-value  conftest.c >&5
configure:4107: $? = 0
configure:4110: test -s conftest.o
configure:4113: $? = 0
configure:4124: result: yes
configure:4150: checking dlfcn.h usability
configure:4163: gcc -c -Wno-unused-but-set-parameter -Wno-unused-but-set-variable -Wno-absolute-value  conftest.c >&5
configure:4166: $? = 0
configure:4169: test -s conftest.o
configure:4172: $? = 0
configure:4182: result: yes
configure:4186: checking dlfcn.h presence
configure:4197: gcc -E  conftest.c
configure:4203: $? = 0
configure:4222: result: yes
configure:4258: checking for dlfcn.h
configure:4265: result: yes
configure:4463: checking for ranlib
configure:4479: found /usr/bin/ranlib
configure:4490: result: ranlib
configure:4543: checking for strip
configure:4559: found /usr/bin/strip
configure:4570: result: strip
configure:4780: checking for objdir
configure:4791: result: .libs
configure:4808: checking for gcc option to produce PIC
configure:4954: result: -fPIC
configure:4958: checking if gcc PIC flag -fPIC works
configure:4982: gcc -c -Wno-unused-but-set-parameter -Wno-unused-but-set-variable -Wno-absolute-value -fPIC -DPIC  conftest.c >&5
configure:4985: $? = 0
configure:4988: test -s conftest.o
configure:4991: $? = 0
configure:5029: result: yes
configure:5045: checking if gcc static flag -static works
configure:5070: gcc -o conftest -Wno-unused-but-set-parameter -Wno-unused-but-set-variable -Wno-absolute-value   -static conftest.c  >&5
configure:5073: $? = 0
configure:5076: test -s conftest
configure:5079: $? = 0
configure:5095: result: yes
configure:5107: checking if gcc supports -c -o file.o
configure:5129: gcc -c -Wno-unused-but-set-parameter -Wno-unused-but-set-variable -Wno-absolute-value -o out/conftest2.o  conftest.c >&5
configure:5151: result: yes
configure:5156: checking if gcc supports -c -o file.lo
configure:5184: gcc -c -Wno-unused-but-set-parameter -Wno-unused-but-set-variable -Wno-absolute-value -c -o conftest.lo  conftest.c >&5
configure:5187: $? = 0
configure:5190: test -s conftest.lo
configure:5193: $? = 0
configure:5215: result: yes
configure:5246: checking if gcc supports -fno-rtti -fno-exceptions
configure:5269: gcc -c -Wno-unused-but-set-parameter -Wno-unused-but-set-variable -Wno-absolute-value -fno-rtti -fno-exceptions -c conftest.c  conftest.c >&5
cc1: warning: command line option '-fno-rtti' is valid for C++/D/ObjC++ but not for C
cc1: warning: command line option '-fno-rtti' is valid for C++/D/ObjC++ but not for C
configure:5272: $? = 0
configure:5275: test -s conftest.o
configure:5278: $? = 0
configure:5295: result: yes
configure:5306: checking whether the linker (/usr/bin/ld) supports shared libraries
configure:6001: result: yes
configure:6006: checking how to hardcode library paths into programs
configure:6030: result: immediate
configure:6035: checking whether stripping libraries is possible
configure:6040: result: yes
configure:6051: checking dynamic linker characteristics
configure:6312: gcc -c -Wno-unused-but-set-parameter -Wno-unused-but-set-variable -Wno-absolute-value  conftest.c >&5
configure:6315: $? = 0
configure:6482: result: GNU/Linux ld.so
configure:6487: checking if libtool supports shared libraries
configure:6489: result: yes
configure:6492: checking whether to build shared libraries
configure:6513: result: yes
configure:6516: checking whether to build static libraries
configure:6520: result: yes
configure:7194: checking whether -lc should be explicitly linked in
configure:7202: gcc -c -Wno-unused-but-set-parameter -Wno-unused-but-set-variable -Wno-absolute-value  conftest.c >&5
configure:7205: $? = 0
configure:7219: gcc -shared conftest.o  -v -Wl,-soname -Wl,conftest -o conftest 2\>\&1 \| grep  -lc  \>/dev/null 2\>\&1
configure:7222: $? = 0
configure:7235: result: no
configure:7822: checking for a BSD-compatible install
configure:7876: result: /usr/bin/install -c
configure:7889: checking for sin in -lm
configure:7920: gcc -o conftest -Wno-unused-but-set-parameter -Wno-unused-but-set-variable -Wno-absolute-value   conftest.c -lm   >&5
configure:7924:6: warning: conflicting types for built-in function 'sin'; expected 'double(double)' [-Wbuiltin-declaration-mismatch]
 7924 |   ac_status=$?
      |      ^~~
configure:7896:1: note: 'sin' is declared in header '<math.h>'
 7895 | else
  +++ |+#include <math.h>
 7896 |   ac_check_lib_save_LIBS=$LIBS
configure:7923: $? = 0
configure:7926: test -s conftest
configure:7929: $? = 0
configure:7941: result: yes
configure:7953: checking for ANSI C header files
configure:8103: result: yes
configure:8121: checking for stdlib.h
configure:8126: result: yes
configure:8121: checking for string.h
configure:8126: result: yes
configure:8130: checking sys/time.h usability
configure:8143: gcc -c -Wno-unused-but-set-parameter -Wno-unused-but-set-variable -Wno-absolute-value  conftest.c >&5
configure:8146: $? = 0
configure:8149: test -s conftest.o
configure:8152: $? = 0
configure:8162: result: yes
configure:8166: checking sys/time.h presence
configure:8177: gcc -E  conftest.c
configure:8183: $? = 0
configure:8202: result: yes
configure:8238: checking for sys/time.h
configure:8245: result: yes
configure:8121: checking for unistd.h
configure:8126: result: yes
configure:8259: checking for an ANSI C-conforming const
configure:8327: gcc -c -Wno-unused-but-set-parameter -Wno-unused-but-set-variable -Wno-absolute-value  conftest.c >&5
configure:8330: $? = 0
configure:8333: test -s conftest.o
configure:8336: $? = 0
configure:8347: result: yes
configure:8357: checking for size_t
configure:8382: gcc -c -Wno-unused-but-set-parameter -Wno-unused-but-set-variable -Wno-absolute-value  conftest.c >&5
configure:8385: $? = 0
configure:8388: test -s conftest.o
configure:8391: $? = 0
configure:8402: result: yes
configure:8414: checking whether struct tm is in sys/time.h or time.h
configure:8438: gcc -c -Wno-unused-but-set-parameter -Wno-unused-but-set-variable -Wno-absolute-value  conftest.c >&5
configure:8441: $? = 0
configure:8444: test -s conftest.o
configure:8447: $? = 0
configure:8458: result: time.h
configure:8474: checking for strftime
configure:8524: gcc -o conftest -Wno-unused-but-set-parameter -Wno-unused-but-set-variable -Wno-absolute-value   conftest.c -lm  >&5
configure:8522:6: warning: conflicting types for built-in function 'strftime'; expected 'long unsigned int(char *, long unsigned int,  const char *, const void *)' [-Wbuiltin-declaration-mismatch]
 8522 |   return 0;
      |      ^~~~~~  
configure:8512:1: note: 'strftime' is declared in header '<time.h>'
 8511 | char (*f) () = $ac_func;
  +++ |+#include <time.h>
 8512 | #endif
configure:8527: $? = 0
configure:8530: test -s conftest
configure:8533: $? = 0
configure:8544: result: yes
configure:8622: checking for vprintf
configure:8672: gcc -o conftest -Wno-unused-but-set-parameter -Wno-unused-but-set-variable -Wno-absolute-value   conftest.c -lm  >&5
configure:8671:6: warning: conflicting types for built-in function 'vprintf'; expected 'int(const char *, __va_list_tag *)' [-Wbuiltin-declaration-mismatch]
 8671 | }
      |      ^      
configure:8661:1: note: 'vprintf' is declared in header '<stdio.h>'
 8660 | #endif
  +++ |+#include <stdio.h>
 8661 | #ifdef __cplusplus
configure:8675: $? = 0
configure:8678: test -s conftest
configure:8681: $? = 0
configure:8692: result: yes
configure:8699: checking for _doprnt
configure:8749: gcc -o conftest -Wno-unused-but-set-parameter -Wno-unused-but-set-variable -Wno-absolute-value   conftest.c -lm  >&5
/usr/bin/ld: /tmp/ccYPTGWr.o: in function `main':
conftest.c:(.text+0xe): undefined reference to `_doprnt'
/usr/bin/ld: /tmp/ccYPTGWr.o:(.data.rel+0x0): undefined reference to `_doprnt'
collect2: error: ld returned 1 exit status
configure:8752: $? = 1
configure: failed program was:
| #line 8704 "configure"
| /* confdefs.h.  */
| 
| #define PACKAGE_NAME ""
| #define PACKAGE_TARNAME ""
| #define PACKAGE_VERSION ""
| #define PACKAGE_STRING ""
| #define PACKAGE_BUGREPORT ""
| #define PACKAGE "gist"
| #define VERSION "2.3"
| #define STDC_HEADERS 1
| #define HAVE_SYS_TYPES_H 1
| #define HAVE_SYS_STAT_H 1
| #define HAVE_STDLIB_H 1
| #define HAVE_STRING_H 1
| #define HAVE_MEMORY_H 1
| #define HAVE_STRINGS_H 1
| #define HAVE_INTTYPES_H 1
| #define HAVE_STDINT_H 1
| #define HAVE_UNISTD_H 1
| #define HAVE_DLFCN_H 1
| #define HAVE_LIBM 1
| #define STDC_HEADERS 1
| #define HAVE_STDLIB_H 1
| #define HAVE_STRING_H 1
| #define HAVE_SYS_TIME_H 1
| #define HAVE_UNISTD_H 1
| #define HAVE_STRFTIME 1
| #define HAVE_VPRINTF 1
| /* end confdefs.h.  */
| /* System header to define __stub macros and hopefully few prototypes,
|     which can conflict with char _doprnt (); below.
|     Prefer <limits.h> to <assert.h> if __STDC__ is defined, since
|     <limits.h> exists even on freestanding compilers.  */
| #ifdef __STDC__
| # include <limits.h>
| #else
| # include <assert.h>
| #endif
| /* Override any gcc2 internal prototype to avoid an error.  */
| #ifdef __cplusplus
| extern "C"
| {
| #endif
| /* We use char because int might match the return type of a gcc2
|    builtin and then its argument prototype would still apply.  */
| char _doprnt ();
| /* The GNU C library defines this for functions which it implements
|     to always fail with ENOSYS.  Some functions are actually named
|     something starting with __ and the normal name is an alias.  */
| #if defined (__stub__doprnt) || defined (__stub____doprnt)
| choke me
| #else
| char (*f) () = _doprnt;
| #endif
| #ifdef __cplusplus
| }
| #endif
| 
| int
| main ()
| {
| return f != _doprnt;
|   ;
|   return 0;
| }
configure:8769: result: no
configure:8792: checking for floor
configure:8842: gcc -o conftest -Wno-unused-but-set-parameter -Wno-unused-but-set-variable -Wno-absolute-value   conftest.c -lm  >&5
configure:8842:6: warning: conflicting types for built-in function 'floor'; expected 'double(double)' [-Wbuiltin-declaration-mismatch]
 8842 | _ACEOF
      |      ^    
configure:8832:1: note: 'floor' is declared in header '<math.h>'
 8831 | #ifdef __cplusplus
  +++ |+#include <math.h>
 8832 | }
configure:8845: $? = 0
configure:8848: test -s conftest
configure:8851: $? = 0
configure:8862: result: yes
configure:8792: checking for gethostname
configure:8842: gcc -o conftest -Wno-unused-but-set-parameter -Wno-unused-but-set-variable -Wno-absolute-value   conftest.c -lm  >&5
configure:8845: $? = 0
configure:8848: test -s conftest
configure:8851: $? = 0
configure:8862: result: yes
configure:8792: checking for pow
configure:8842: gcc -o conftest -Wno-unused-but-set-parameter -Wno-unused-but-set-variable -Wno-absolute-value   conftest.c -lm  >&5
configure:8844:6: warning: conflicting types for built-in function 'pow'; expected 'double(double,  double)' [-Wbuiltin-declaration-mismatch]
 8844 | if { (eval echo "$as_me:$LINENO: \"$ac_link\"") >&5
      |      ^~~
configure:8834:1: note: 'pow' is declared in header '<math.h>'
 8833 | #endif
  +++ |+#include <math.h>
 8834 | 
configure:8845: $? = 0
configure:8848: test -s conftest
configure:8851: $? = 0
configure:8862: result: yes
configure:8792: checking for sqrt
configure:8842: gcc -o conftest -Wno-unused-but-set-parameter -Wno-unused-but-set-variable -Wno-absolute-value   conftest.c -lm  >&5
configure:8845:6: warning: conflicting types for built-in function 'sqrt'; expected 'double(double)' [-Wbuiltin-declaration-mismatch]
 8845 |   (eval $ac_link) 2>&5
      |      ^~~~
configure:8835:1: note: 'sqrt' is declared in header '<math.h>'
 8834 | 
  +++ |+#include <math.h>
 8835 | int
configure:8845: $? = 0
configure:8848: test -s conftest
configure:8851: $? = 0
configure:8862: result: yes
configure:8792: checking for strchr
configure:8842: gcc -o conftest -Wno-unused-but-set-parameter -Wno-unused-but-set-variable -Wno-absolute-value   conftest.c -lm  >&5
configure:8846:6: warning: conflicting types for built-in function 'strchr'; expected 'char *(const char *, int)' [-Wbuiltin-declaration-mismatch]
 8846 |   ac_status=$?
      |      ^~~~~~
configure:8836:1: note: 'strchr' is declared in header '<string.h>'
 8835 | int
  +++ |+#include <string.h>
 8836 | main ()
configure:8845: $? = 0
configure:8848: test -s conftest
configure:8851: $? = 0
configure:8862: result: yes
configure:8792: checking for strerror
configure:8842: gcc -o conftest -Wno-unused-but-set-parameter -Wno-unused-but-set-variable -Wno-absolute-value   conftest.c -lm  >&5
configure:8845: $? = 0
configure:8848: test -s conftest
configure:8851: $? = 0
configure:8862: result: yes
configure:9014: creating ./config.status

## ---------------------- ##
## Running config.status. ##
## ---------------------- ##

This file was extended by config.status, which was
generated by GNU Autoconf 2.57.  Invocation command line was

  CONFIG_FILES    = 
  CONFIG_HEADERS  = 
  CONFIG_LINKS    = 
  CONFIG_COMMANDS = 
  $ ./config.status 

on cicoria-msi

config.status:644: creating Makefile
config.status:644: creating src/Makefile
config.status:644: creating scripts/Makefile
config.status:769: executing depfiles commands
